# JRE version: OpenJDK Runtime Environment (17.0.6) (build 17.0.6+0-b2043.56-9586694)
# Java VM: OpenJDK 64-Bit Server VM (17.0.6+0-b2043.56-9586694, mixed mode, tiered, compressed oops, compressed class ptrs, g1 gc, windows-amd64)
GC Precious Log:
 CPUs: 4 total, 4 available
 Memory: 3879M
 Large Page Support: Disabled
 NUMA Support: Disabled
 Compressed Oops: Enabled (32-bit)
 Heap Region Size: 1M
 Heap Min Capacity: 8M
 Heap Initial Capacity: 62M
 Heap Max Capacity: 2G
 Pre-touch: Disabled
 Parallel Workers: 4
 Concurrent Workers: 1
 Concurrent Refinement Workers: 4
 Periodic GC: Disabled
Heap:
 garbage-first heap   total 229376K, used 169452K [0x0000000080000000, 0x0000000100000000)
  region size 1024K, 3 young (3072K), 3 survivors (3072K)
 Metaspace       used 83243K, committed 83968K, reserved 1122304K
  class space    used 11358K, committed 11712K, reserved 1048576K
GC Heap History (20 events):
Event: 12.760 GC heap after
{Heap after GC invocations=40 (full 0):
 garbage-first heap   total 188416K, used 116034K [0x0000000080000000, 0x0000000100000000)
  region size 1024K, 5 young (5120K), 5 survivors (5120K)
 Metaspace       used 57257K, committed 57856K, reserved 1105920K
  class space    used 7659K, committed 7936K, reserved 1048576K
}
Event: 12.828 GC heap before
{Heap before GC invocations=40 (full 0):
 garbage-first heap   total 188416K, used 119106K [0x0000000080000000, 0x0000000100000000)
  region size 1024K, 9 young (9216K), 5 survivors (5120K)
 Metaspace       used 57808K, committed 58432K, reserved 1105920K
  class space    used 7739K, committed 8000K, reserved 1048576K
}
Event: 12.832 GC heap after
{Heap after GC invocations=41 (full 0):
 garbage-first heap   total 226304K, used 115992K [0x0000000080000000, 0x0000000100000000)
  region size 1024K, 1 young (1024K), 1 survivors (1024K)
 Metaspace       used 57808K, committed 58432K, reserved 1105920K
  class space    used 7739K, committed 8000K, reserved 1048576K
}
Event: 13.587 GC heap before
{Heap before GC invocations=41 (full 0):
 garbage-first heap   total 226304K, used 150808K [0x0000000080000000, 0x0000000100000000)
  region size 1024K, 36 young (36864K), 1 survivors (1024K)
 Metaspace       used 64424K, committed 65088K, reserved 1105920K
  class space    used 8580K, committed 8896K, reserved 1048576K
}
Event: 13.591 GC heap after
{Heap after GC invocations=42 (full 0):
 garbage-first heap   total 226304K, used 118321K [0x0000000080000000, 0x0000000100000000)
  region size 1024K, 3 young (3072K), 3 survivors (3072K)
 Metaspace       used 64424K, committed 65088K, reserved 1105920K
  class space    used 8580K, committed 8896K, reserved 1048576K
}
Event: 14.341 GC heap before
{Heap before GC invocations=43 (full 0):
 garbage-first heap   total 229376K, used 187953K [0x0000000080000000, 0x0000000100000000)
  region size 1024K, 65 young (66560K), 3 survivors (3072K)
 Metaspace       used 69378K, committed 70016K, reserved 1114112K
  class space    used 9220K, committed 9472K, reserved 1048576K
}
Event: 14.347 GC heap after
{Heap after GC invocations=44 (full 0):
 garbage-first heap   total 229376K, used 123343K [0x0000000080000000, 0x0000000100000000)
  region size 1024K, 8 young (8192K), 8 survivors (8192K)
 Metaspace       used 69378K, committed 70016K, reserved 1114112K
  class space    used 9220K, committed 9472K, reserved 1048576K
}
Event: 14.366 GC heap before
{Heap before GC invocations=44 (full 0):
 garbage-first heap   total 229376K, used 126415K [0x0000000080000000, 0x0000000100000000)
  region size 1024K, 11 young (11264K), 8 survivors (8192K)
 Metaspace       used 69480K, committed 70144K, reserved 1114112K
  class space    used 9244K, committed 9536K, reserved 1048576K
}
Event: 14.377 GC heap after
{Heap after GC invocations=45 (full 0):
 garbage-first heap   total 229376K, used 123535K [0x0000000080000000, 0x0000000100000000)
  region size 1024K, 1 young (1024K), 1 survivors (1024K)
 Metaspace       used 69480K, committed 70144K, reserved 1114112K
  class space    used 9244K, committed 9536K, reserved 1048576K
}
Event: 14.842 GC heap before
{Heap before GC invocations=45 (full 0):
 garbage-first heap   total 229376K, used 182927K [0x0000000080000000, 0x0000000100000000)
  region size 1024K, 59 young (60416K), 1 survivors (1024K)
 Metaspace       used 71948K, committed 72640K, reserved 1114112K
  class space    used 9634K, committed 9920K, reserved 1048576K
}
Event: 14.850 GC heap after
{Heap after GC invocations=46 (full 0):
 garbage-first heap   total 229376K, used 126600K [0x0000000080000000, 0x0000000100000000)
  region size 1024K, 4 young (4096K), 4 survivors (4096K)
 Metaspace       used 71948K, committed 72640K, reserved 1114112K
  class space    used 9634K, committed 9920K, reserved 1048576K
}
Event: 16.294 GC heap before
{Heap before GC invocations=47 (full 0):
 garbage-first heap   total 229376K, used 214664K [0x0000000080000000, 0x0000000100000000)
  region size 1024K, 62 young (63488K), 4 survivors (4096K)
 Metaspace       used 78467K, committed 79296K, reserved 1122304K
  class space    used 10740K, committed 11136K, reserved 1048576K
}
Event: 16.316 GC heap after
{Heap after GC invocations=48 (full 0):
 garbage-first heap   total 229376K, used 164058K [0x0000000080000000, 0x0000000100000000)
  region size 1024K, 8 young (8192K), 8 survivors (8192K)
 Metaspace       used 78467K, committed 79296K, reserved 1122304K
  class space    used 10740K, committed 11136K, reserved 1048576K
}
Event: 16.506 GC heap before
{Heap before GC invocations=48 (full 0):
 garbage-first heap   total 229376K, used 166106K [0x0000000080000000, 0x0000000100000000)
  region size 1024K, 11 young (11264K), 8 survivors (8192K)
 Metaspace       used 78799K, committed 79552K, reserved 1122304K
  class space    used 10774K, committed 11136K, reserved 1048576K
}
Event: 16.528 GC heap after
{Heap after GC invocations=49 (full 0):
 garbage-first heap   total 229376K, used 165253K [0x0000000080000000, 0x0000000100000000)
  region size 1024K, 1 young (1024K), 1 survivors (1024K)
 Metaspace       used 78799K, committed 79552K, reserved 1122304K
  class space    used 10774K, committed 11136K, reserved 1048576K
}
Event: 16.990 GC heap before
{Heap before GC invocations=49 (full 0):
 garbage-first heap   total 229376K, used 191877K [0x0000000080000000, 0x0000000100000000)
  region size 1024K, 28 young (28672K), 1 survivors (1024K)
 Metaspace       used 80720K, committed 81472K, reserved 1122304K
  class space    used 11043K, committed 11392K, reserved 1048576K
}
Event: 16.994 GC heap after
{Heap after GC invocations=50 (full 0):
 garbage-first heap   total 229376K, used 166672K [0x0000000080000000, 0x0000000100000000)
  region size 1024K, 3 young (3072K), 3 survivors (3072K)
 Metaspace       used 80720K, committed 81472K, reserved 1122304K
  class space    used 11043K, committed 11392K, reserved 1048576K
}
Event: 17.300 GC heap before
{Heap before GC invocations=50 (full 0):
 garbage-first heap   total 229376K, used 193296K [0x0000000080000000, 0x0000000100000000)
  region size 1024K, 29 young (29696K), 3 survivors (3072K)
 Metaspace       used 82491K, committed 83264K, reserved 1122304K
  class space    used 11279K, committed 11648K, reserved 1048576K
}
Event: 17.306 GC heap after
{Heap after GC invocations=51 (full 0):
 garbage-first heap   total 229376K, used 168755K [0x0000000080000000, 0x0000000100000000)
  region size 1024K, 4 young (4096K), 4 survivors (4096K)
 Metaspace       used 82491K, committed 83264K, reserved 1122304K
  class space    used 11279K, committed 11648K, reserved 1048576K
}
Event: 17.339 GC heap before
{Heap before GC invocations=51 (full 0):
 garbage-first heap   total 229376K, used 170803K [0x0000000080000000, 0x0000000100000000)
  region size 1024K, 8 young (8192K), 4 survivors (4096K)
 Metaspace       used 83243K, committed 83968K, reserved 1122304K
  class space    used 11358K, committed 11712K, reserved 1048576K
}

