# JRE version: OpenJDK Runtime Environment (17.0.6) (build 17.0.6+0-b2043.56-9586694)
# Java VM: OpenJDK 64-Bit Server VM (17.0.6+0-b2043.56-9586694, mixed mode, tiered, compressed oops, compressed class ptrs, g1 gc, windows-amd64)
GC Precious Log:
 CPUs: 4 total, 4 available
 Memory: 3879M
 Large Page Support: Disabled
 NUMA Support: Disabled
 Compressed Oops: Enabled (32-bit)
 Heap Region Size: 1M
 Heap Min Capacity: 8M
 Heap Initial Capacity: 62M
 Heap Max Capacity: 2G
 Pre-touch: Disabled
 Parallel Workers: 4
 Concurrent Workers: 1
 Concurrent Refinement Workers: 4
 Periodic GC: Disabled
Heap:
 garbage-first heap   total 131072K, used 69549K [0x0000000080000000, 0x0000000100000000)
  region size 1024K, 3 young (3072K), 3 survivors (3072K)
 Metaspace       used 79206K, committed 79808K, reserved 1122304K
  class space    used 10780K, committed 11072K, reserved 1048576K
GC Heap History (20 events):
Event: 9.611 GC heap after
{Heap after GC invocations=29 (full 0):
 garbage-first heap   total 87040K, used 48290K [0x0000000080000000, 0x0000000100000000)
  region size 1024K, 1 young (1024K), 1 survivors (1024K)
 Metaspace       used 57525K, committed 58048K, reserved 1105920K
  class space    used 7682K, committed 7936K, reserved 1048576K
}
Event: 10.007 GC heap before
{Heap before GC invocations=30 (full 0):
 garbage-first heap   total 91136K, used 69794K [0x0000000080000000, 0x0000000100000000)
  region size 1024K, 20 young (20480K), 1 survivors (1024K)
 Metaspace       used 59182K, committed 59712K, reserved 1105920K
  class space    used 7900K, committed 8128K, reserved 1048576K
}
Event: 10.012 GC heap after
{Heap after GC invocations=31 (full 0):
 garbage-first heap   total 91136K, used 56465K [0x0000000080000000, 0x0000000100000000)
  region size 1024K, 3 young (3072K), 3 survivors (3072K)
 Metaspace       used 59182K, committed 59712K, reserved 1105920K
  class space    used 7900K, committed 8128K, reserved 1048576K
}
Event: 10.034 GC heap before
{Heap before GC invocations=31 (full 0):
 garbage-first heap   total 91136K, used 57489K [0x0000000080000000, 0x0000000100000000)
  region size 1024K, 4 young (4096K), 3 survivors (3072K)
 Metaspace       used 59311K, committed 59840K, reserved 1105920K
  class space    used 7920K, committed 8128K, reserved 1048576K
}
Event: 10.038 GC heap after
{Heap after GC invocations=32 (full 0):
 garbage-first heap   total 131072K, used 55707K [0x0000000080000000, 0x0000000100000000)
  region size 1024K, 1 young (1024K), 1 survivors (1024K)
 Metaspace       used 59311K, committed 59840K, reserved 1105920K
  class space    used 7920K, committed 8128K, reserved 1048576K
}
Event: 10.736 GC heap before
{Heap before GC invocations=32 (full 0):
 garbage-first heap   total 131072K, used 87451K [0x0000000080000000, 0x0000000100000000)
  region size 1024K, 32 young (32768K), 1 survivors (1024K)
 Metaspace       used 64178K, committed 64704K, reserved 1105920K
  class space    used 8547K, committed 8768K, reserved 1048576K
}
Event: 10.740 GC heap after
{Heap after GC invocations=33 (full 0):
 garbage-first heap   total 131072K, used 56829K [0x0000000080000000, 0x0000000100000000)
  region size 1024K, 2 young (2048K), 2 survivors (2048K)
 Metaspace       used 64178K, committed 64704K, reserved 1105920K
  class space    used 8547K, committed 8768K, reserved 1048576K
}
Event: 11.236 GC heap before
{Heap before GC invocations=33 (full 0):
 garbage-first heap   total 131072K, used 81405K [0x0000000080000000, 0x0000000100000000)
  region size 1024K, 24 young (24576K), 2 survivors (2048K)
 Metaspace       used 68142K, committed 68736K, reserved 1114112K
  class space    used 9080K, committed 9344K, reserved 1048576K
}
Event: 11.241 GC heap after
{Heap after GC invocations=34 (full 0):
 garbage-first heap   total 131072K, used 63012K [0x0000000080000000, 0x0000000100000000)
  region size 1024K, 5 young (5120K), 5 survivors (5120K)
 Metaspace       used 68142K, committed 68736K, reserved 1114112K
  class space    used 9080K, committed 9344K, reserved 1048576K
}
Event: 11.687 GC heap before
{Heap before GC invocations=35 (full 0):
 garbage-first heap   total 131072K, used 98852K [0x0000000080000000, 0x0000000100000000)
  region size 1024K, 37 young (37888K), 5 survivors (5120K)
 Metaspace       used 70722K, committed 71296K, reserved 1114112K
  class space    used 9410K, committed 9664K, reserved 1048576K
}
Event: 11.718 GC heap after
{Heap after GC invocations=36 (full 0):
 garbage-first heap   total 131072K, used 62245K [0x0000000080000000, 0x0000000100000000)
  region size 1024K, 3 young (3072K), 3 survivors (3072K)
 Metaspace       used 70722K, committed 71296K, reserved 1114112K
  class space    used 9410K, committed 9664K, reserved 1048576K
}
Event: 11.745 GC heap before
{Heap before GC invocations=36 (full 0):
 garbage-first heap   total 131072K, used 65317K [0x0000000080000000, 0x0000000100000000)
  region size 1024K, 6 young (6144K), 3 survivors (3072K)
 Metaspace       used 70837K, committed 71424K, reserved 1114112K
  class space    used 9422K, committed 9664K, reserved 1048576K
}
Event: 11.748 GC heap after
{Heap after GC invocations=37 (full 0):
 garbage-first heap   total 131072K, used 62217K [0x0000000080000000, 0x0000000100000000)
  region size 1024K, 1 young (1024K), 1 survivors (1024K)
 Metaspace       used 70837K, committed 71424K, reserved 1114112K
  class space    used 9422K, committed 9664K, reserved 1048576K
}
Event: 12.442 GC heap before
{Heap before GC invocations=37 (full 0):
 garbage-first heap   total 131072K, used 102153K [0x0000000080000000, 0x0000000100000000)
  region size 1024K, 39 young (39936K), 1 survivors (1024K)
 Metaspace       used 73386K, committed 73920K, reserved 1114112K
  class space    used 9768K, committed 9984K, reserved 1048576K
}
Event: 12.457 GC heap after
{Heap after GC invocations=38 (full 0):
 garbage-first heap   total 131072K, used 64732K [0x0000000080000000, 0x0000000100000000)
  region size 1024K, 3 young (3072K), 3 survivors (3072K)
 Metaspace       used 73386K, committed 73920K, reserved 1114112K
  class space    used 9768K, committed 9984K, reserved 1048576K
}
Event: 15.702 GC heap before
{Heap before GC invocations=39 (full 0):
 garbage-first heap   total 131072K, used 101596K [0x0000000080000000, 0x0000000100000000)
  region size 1024K, 39 young (39936K), 3 survivors (3072K)
 Metaspace       used 74519K, committed 75136K, reserved 1122304K
  class space    used 9918K, committed 10176K, reserved 1048576K
}
Event: 15.712 GC heap after
{Heap after GC invocations=40 (full 0):
 garbage-first heap   total 131072K, used 67683K [0x0000000080000000, 0x0000000100000000)
  region size 1024K, 3 young (3072K), 3 survivors (3072K)
 Metaspace       used 74519K, committed 75136K, reserved 1122304K
  class space    used 9918K, committed 10176K, reserved 1048576K
}
Event: 15.790 GC heap before
{Heap before GC invocations=40 (full 0):
 garbage-first heap   total 131072K, used 70755K [0x0000000080000000, 0x0000000100000000)
  region size 1024K, 6 young (6144K), 3 survivors (3072K)
 Metaspace       used 74903K, committed 75520K, reserved 1122304K
  class space    used 9980K, committed 10240K, reserved 1048576K
}
Event: 15.801 GC heap after
{Heap after GC invocations=41 (full 0):
 garbage-first heap   total 131072K, used 67560K [0x0000000080000000, 0x0000000100000000)
  region size 1024K, 1 young (1024K), 1 survivors (1024K)
 Metaspace       used 74903K, committed 75520K, reserved 1122304K
  class space    used 9980K, committed 10240K, reserved 1048576K
}
Event: 16.887 GC heap before
{Heap before GC invocations=41 (full 0):
 garbage-first heap   total 131072K, used 103400K [0x0000000080000000, 0x0000000100000000)
  region size 1024K, 36 young (36864K), 1 survivors (1024K)
 Metaspace       used 79206K, committed 79808K, reserved 1122304K
  class space    used 10780K, committed 11072K, reserved 1048576K
}

