# JRE version: OpenJDK Runtime Environment (17.0.6) (build 17.0.6+0-b2043.56-9586694)
# Java VM: OpenJDK 64-Bit Server VM (17.0.6+0-b2043.56-9586694, mixed mode, tiered, compressed oops, compressed class ptrs, g1 gc, windows-amd64)
GC Precious Log:
 CPUs: 4 total, 4 available
 Memory: 3879M
 Large Page Support: Disabled
 NUMA Support: Disabled
 Compressed Oops: Enabled (32-bit)
 Heap Region Size: 1M
 Heap Min Capacity: 8M
 Heap Initial Capacity: 62M
 Heap Max Capacity: 2G
 Pre-touch: Disabled
 Parallel Workers: 4
 Concurrent Workers: 1
 Concurrent Refinement Workers: 4
 Periodic GC: Disabled
Heap:
 garbage-first heap   total 240640K, used 174278K [0x0000000080000000, 0x0000000100000000)
  region size 1024K, 8 young (8192K), 8 survivors (8192K)
 Metaspace       used 93461K, committed 94080K, reserved 1130496K
  class space    used 12647K, committed 12928K, reserved 1048576K
GC Heap History (20 events):
Event: 10.801 GC heap after
{Heap after GC invocations=43 (full 0):
 garbage-first heap   total 207872K, used 113043K [0x0000000080000000, 0x0000000100000000)
  region size 1024K, 7 young (7168K), 7 survivors (7168K)
 Metaspace       used 63567K, committed 64128K, reserved 1105920K
  class space    used 8515K, committed 8768K, reserved 1048576K
}
Event: 11.144 GC heap before
{Heap before GC invocations=43 (full 0):
 garbage-first heap   total 207872K, used 127379K [0x0000000080000000, 0x0000000100000000)
  region size 1024K, 22 young (22528K), 7 survivors (7168K)
 Metaspace       used 65697K, committed 66304K, reserved 1105920K
  class space    used 8758K, committed 9024K, reserved 1048576K
}
Event: 11.152 GC heap after
{Heap after GC invocations=44 (full 0):
 garbage-first heap   total 207872K, used 115053K [0x0000000080000000, 0x0000000100000000)
  region size 1024K, 2 young (2048K), 2 survivors (2048K)
 Metaspace       used 65697K, committed 66304K, reserved 1105920K
  class space    used 8758K, committed 9024K, reserved 1048576K
}
Event: 12.138 GC heap before
{Heap before GC invocations=45 (full 0):
 garbage-first heap   total 207872K, used 166253K [0x0000000080000000, 0x0000000100000000)
  region size 1024K, 50 young (51200K), 2 survivors (2048K)
 Metaspace       used 71792K, committed 72384K, reserved 1114112K
  class space    used 9549K, committed 9792K, reserved 1048576K
}
Event: 12.142 GC heap after
{Heap after GC invocations=46 (full 0):
 garbage-first heap   total 207872K, used 123696K [0x0000000080000000, 0x0000000100000000)
  region size 1024K, 7 young (7168K), 7 survivors (7168K)
 Metaspace       used 71792K, committed 72384K, reserved 1114112K
  class space    used 9549K, committed 9792K, reserved 1048576K
}
Event: 12.195 GC heap before
{Heap before GC invocations=46 (full 0):
 garbage-first heap   total 207872K, used 126768K [0x0000000080000000, 0x0000000100000000)
  region size 1024K, 10 young (10240K), 7 survivors (7168K)
 Metaspace       used 72211K, committed 72896K, reserved 1114112K
  class space    used 9626K, committed 9920K, reserved 1048576K
}
Event: 12.201 GC heap after
{Heap after GC invocations=47 (full 0):
 garbage-first heap   total 207872K, used 123848K [0x0000000080000000, 0x0000000100000000)
  region size 1024K, 1 young (1024K), 1 survivors (1024K)
 Metaspace       used 72211K, committed 72896K, reserved 1114112K
  class space    used 9626K, committed 9920K, reserved 1048576K
}
Event: 12.466 GC heap before
{Heap before GC invocations=47 (full 0):
 garbage-first heap   total 207872K, used 140232K [0x0000000080000000, 0x0000000100000000)
  region size 1024K, 18 young (18432K), 1 survivors (1024K)
 Metaspace       used 74879K, committed 75584K, reserved 1122304K
  class space    used 10001K, committed 10304K, reserved 1048576K
}
Event: 12.469 GC heap after
{Heap after GC invocations=48 (full 0):
 garbage-first heap   total 207872K, used 125379K [0x0000000080000000, 0x0000000100000000)
  region size 1024K, 2 young (2048K), 2 survivors (2048K)
 Metaspace       used 74879K, committed 75584K, reserved 1122304K
  class space    used 10001K, committed 10304K, reserved 1048576K
}
Event: 13.144 GC heap before
{Heap before GC invocations=49 (full 0):
 garbage-first heap   total 240640K, used 173507K [0x0000000080000000, 0x0000000100000000)
  region size 1024K, 43 young (44032K), 2 survivors (2048K)
 Metaspace       used 77695K, committed 78336K, reserved 1122304K
  class space    used 10363K, committed 10688K, reserved 1048576K
}
Event: 13.214 GC heap after
{Heap after GC invocations=50 (full 0):
 garbage-first heap   total 240640K, used 128982K [0x0000000080000000, 0x0000000100000000)
  region size 1024K, 6 young (6144K), 6 survivors (6144K)
 Metaspace       used 77695K, committed 78336K, reserved 1122304K
  class space    used 10363K, committed 10688K, reserved 1048576K
}
Event: 13.297 GC heap before
{Heap before GC invocations=50 (full 0):
 garbage-first heap   total 240640K, used 134102K [0x0000000080000000, 0x0000000100000000)
  region size 1024K, 11 young (11264K), 6 survivors (6144K)
 Metaspace       used 78249K, committed 78912K, reserved 1122304K
  class space    used 10438K, committed 10752K, reserved 1048576K
}
Event: 13.303 GC heap after
{Heap after GC invocations=51 (full 0):
 garbage-first heap   total 240640K, used 128534K [0x0000000080000000, 0x0000000100000000)
  region size 1024K, 1 young (1024K), 1 survivors (1024K)
 Metaspace       used 78249K, committed 78912K, reserved 1122304K
  class space    used 10438K, committed 10752K, reserved 1048576K
}
Event: 13.829 GC heap before
{Heap before GC invocations=51 (full 0):
 garbage-first heap   total 240640K, used 186902K [0x0000000080000000, 0x0000000100000000)
  region size 1024K, 57 young (58368K), 1 survivors (1024K)
 Metaspace       used 80729K, committed 81408K, reserved 1122304K
  class space    used 10766K, committed 11072K, reserved 1048576K
}
Event: 13.834 GC heap after
{Heap after GC invocations=52 (full 0):
 garbage-first heap   total 240640K, used 132673K [0x0000000080000000, 0x0000000100000000)
  region size 1024K, 5 young (5120K), 5 survivors (5120K)
 Metaspace       used 80729K, committed 81408K, reserved 1122304K
  class space    used 10766K, committed 11072K, reserved 1048576K
}
Event: 15.464 GC heap before
{Heap before GC invocations=53 (full 0):
 garbage-first heap   total 240640K, used 194113K [0x0000000080000000, 0x0000000100000000)
  region size 1024K, 65 young (66560K), 5 survivors (5120K)
 Metaspace       used 87018K, committed 87680K, reserved 1130496K
  class space    used 11833K, committed 12160K, reserved 1048576K
}
Event: 15.478 GC heap after
{Heap after GC invocations=54 (full 0):
 garbage-first heap   total 240640K, used 137228K [0x0000000080000000, 0x0000000100000000)
  region size 1024K, 5 young (5120K), 5 survivors (5120K)
 Metaspace       used 87018K, committed 87680K, reserved 1130496K
  class space    used 11833K, committed 12160K, reserved 1048576K
}
Event: 15.643 GC heap before
{Heap before GC invocations=54 (full 0):
 garbage-first heap   total 240640K, used 143372K [0x0000000080000000, 0x0000000100000000)
  region size 1024K, 11 young (11264K), 5 survivors (5120K)
 Metaspace       used 87970K, committed 88704K, reserved 1130496K
  class space    used 11960K, committed 12288K, reserved 1048576K
}
Event: 15.667 GC heap after
{Heap after GC invocations=55 (full 0):
 garbage-first heap   total 240640K, used 137173K [0x0000000080000000, 0x0000000100000000)
  region size 1024K, 2 young (2048K), 2 survivors (2048K)
 Metaspace       used 87970K, committed 88704K, reserved 1130496K
  class space    used 11960K, committed 12288K, reserved 1048576K
}
Event: 19.478 GC heap before
{Heap before GC invocations=55 (full 0):
 garbage-first heap   total 240640K, used 226261K [0x0000000080000000, 0x0000000100000000)
  region size 1024K, 60 young (61440K), 2 survivors (2048K)
 Metaspace       used 93461K, committed 94080K, reserved 1130496K
  class space    used 12647K, committed 12928K, reserved 1048576K
}

