# JRE version: OpenJDK Runtime Environment (17.0.6) (build 17.0.6+0-b2043.56-9586694)
# Java VM: OpenJDK 64-Bit Server VM (17.0.6+0-b2043.56-9586694, mixed mode, tiered, compressed oops, compressed class ptrs, g1 gc, windows-amd64)
GC Precious Log:
 CPUs: 4 total, 4 available
 Memory: 3879M
 Large Page Support: Disabled
 NUMA Support: Disabled
 Compressed Oops: Enabled (32-bit)
 Heap Region Size: 1M
 Heap Min Capacity: 8M
 Heap Initial Capacity: 62M
 Heap Max Capacity: 2G
 Pre-touch: Disabled
 Parallel Workers: 4
 Concurrent Workers: 1
 Concurrent Refinement Workers: 4
 Periodic GC: Disabled
Heap:
 garbage-first heap   total 142336K, used 68897K [0x0000000080000000, 0x0000000100000000)
  region size 1024K, 1 young (1024K), 1 survivors (1024K)
 Metaspace       used 73960K, committed 74560K, reserved 1114112K
  class space    used 9820K, committed 10048K, reserved 1048576K
GC Heap History (20 events):
Event: 10.152 GC heap after
{Heap after GC invocations=32 (full 0):
 garbage-first heap   total 96256K, used 59392K [0x0000000080000000, 0x0000000100000000)
  region size 1024K, 2 young (2048K), 2 survivors (2048K)
 Metaspace       used 58941K, committed 59456K, reserved 1105920K
  class space    used 7853K, committed 8064K, reserved 1048576K
}
Event: 10.183 GC heap before
{Heap before GC invocations=32 (full 0):
 garbage-first heap   total 96256K, used 61440K [0x0000000080000000, 0x0000000100000000)
  region size 1024K, 4 young (4096K), 2 survivors (2048K)
 Metaspace       used 59262K, committed 59840K, reserved 1105920K
  class space    used 7876K, committed 8128K, reserved 1048576K
}
Event: 10.184 GC heap after
{Heap after GC invocations=33 (full 0):
 garbage-first heap   total 96256K, used 58688K [0x0000000080000000, 0x0000000100000000)
  region size 1024K, 1 young (1024K), 1 survivors (1024K)
 Metaspace       used 59262K, committed 59840K, reserved 1105920K
  class space    used 7876K, committed 8128K, reserved 1048576K
}
Event: 10.337 GC heap before
{Heap before GC invocations=33 (full 0):
 garbage-first heap   total 96256K, used 69952K [0x0000000080000000, 0x0000000100000000)
  region size 1024K, 12 young (12288K), 1 survivors (1024K)
 Metaspace       used 60711K, committed 61248K, reserved 1105920K
  class space    used 8088K, committed 8320K, reserved 1048576K
}
Event: 10.340 GC heap after
{Heap after GC invocations=34 (full 0):
 garbage-first heap   total 96256K, used 59081K [0x0000000080000000, 0x0000000100000000)
  region size 1024K, 1 young (1024K), 1 survivors (1024K)
 Metaspace       used 60711K, committed 61248K, reserved 1105920K
  class space    used 8088K, committed 8320K, reserved 1048576K
}
Event: 10.592 GC heap before
{Heap before GC invocations=35 (full 0):
 garbage-first heap   total 107520K, used 70345K [0x0000000080000000, 0x0000000100000000)
  region size 1024K, 13 young (13312K), 1 survivors (1024K)
 Metaspace       used 62464K, committed 63040K, reserved 1105920K
  class space    used 8327K, committed 8576K, reserved 1048576K
}
Event: 10.595 GC heap after
{Heap after GC invocations=36 (full 0):
 garbage-first heap   total 107520K, used 59539K [0x0000000080000000, 0x0000000100000000)
  region size 1024K, 1 young (1024K), 1 survivors (1024K)
 Metaspace       used 62464K, committed 63040K, reserved 1105920K
  class space    used 8327K, committed 8576K, reserved 1048576K
}
Event: 10.659 GC heap before
{Heap before GC invocations=36 (full 0):
 garbage-first heap   total 107520K, used 62611K [0x0000000080000000, 0x0000000100000000)
  region size 1024K, 5 young (5120K), 1 survivors (1024K)
 Metaspace       used 63237K, committed 63744K, reserved 1105920K
  class space    used 8406K, committed 8640K, reserved 1048576K
}
Event: 10.663 GC heap after
{Heap after GC invocations=37 (full 0):
 garbage-first heap   total 129024K, used 58933K [0x0000000080000000, 0x0000000100000000)
  region size 1024K, 1 young (1024K), 1 survivors (1024K)
 Metaspace       used 63237K, committed 63744K, reserved 1105920K
  class space    used 8406K, committed 8640K, reserved 1048576K
}
Event: 11.229 GC heap before
{Heap before GC invocations=37 (full 0):
 garbage-first heap   total 129024K, used 87605K [0x0000000080000000, 0x0000000100000000)
  region size 1024K, 30 young (30720K), 1 survivors (1024K)
 Metaspace       used 68825K, committed 69376K, reserved 1114112K
  class space    used 9155K, committed 9408K, reserved 1048576K
}
Event: 11.233 GC heap after
{Heap after GC invocations=38 (full 0):
 garbage-first heap   total 129024K, used 61278K [0x0000000080000000, 0x0000000100000000)
  region size 1024K, 3 young (3072K), 3 survivors (3072K)
 Metaspace       used 68825K, committed 69376K, reserved 1114112K
  class space    used 9155K, committed 9408K, reserved 1048576K
}
Event: 11.725 GC heap before
{Heap before GC invocations=39 (full 0):
 garbage-first heap   total 133120K, used 99166K [0x0000000080000000, 0x0000000100000000)
  region size 1024K, 34 young (34816K), 3 survivors (3072K)
 Metaspace       used 71112K, committed 71680K, reserved 1114112K
  class space    used 9445K, committed 9664K, reserved 1048576K
}
Event: 11.736 GC heap after
{Heap after GC invocations=40 (full 0):
 garbage-first heap   total 133120K, used 64067K [0x0000000080000000, 0x0000000100000000)
  region size 1024K, 5 young (5120K), 5 survivors (5120K)
 Metaspace       used 71112K, committed 71680K, reserved 1114112K
  class space    used 9445K, committed 9664K, reserved 1048576K
}
Event: 11.754 GC heap before
{Heap before GC invocations=40 (full 0):
 garbage-first heap   total 133120K, used 65091K [0x0000000080000000, 0x0000000100000000)
  region size 1024K, 6 young (6144K), 5 survivors (5120K)
 Metaspace       used 71185K, committed 71808K, reserved 1114112K
  class space    used 9455K, committed 9728K, reserved 1048576K
}
Event: 11.759 GC heap after
{Heap after GC invocations=41 (full 0):
 garbage-first heap   total 133120K, used 64430K [0x0000000080000000, 0x0000000100000000)
  region size 1024K, 1 young (1024K), 1 survivors (1024K)
 Metaspace       used 71185K, committed 71808K, reserved 1114112K
  class space    used 9455K, committed 9728K, reserved 1048576K
}
Event: 12.635 GC heap before
{Heap before GC invocations=41 (full 0):
 garbage-first heap   total 133120K, used 97198K [0x0000000080000000, 0x0000000100000000)
  region size 1024K, 33 young (33792K), 1 survivors (1024K)
 Metaspace       used 73868K, committed 74432K, reserved 1114112K
  class space    used 9812K, committed 10048K, reserved 1048576K
}
Event: 12.639 GC heap after
{Heap after GC invocations=42 (full 0):
 garbage-first heap   total 133120K, used 66015K [0x0000000080000000, 0x0000000100000000)
  region size 1024K, 3 young (3072K), 3 survivors (3072K)
 Metaspace       used 73868K, committed 74432K, reserved 1114112K
  class space    used 9812K, committed 10048K, reserved 1048576K
}
Event: 12.783 GC heap before
{Heap before GC invocations=43 (full 0):
 garbage-first heap   total 142336K, used 100831K [0x0000000080000000, 0x0000000100000000)
  region size 1024K, 37 young (37888K), 3 survivors (3072K)
 Metaspace       used 73960K, committed 74560K, reserved 1114112K
  class space    used 9820K, committed 10048K, reserved 1048576K
}
Event: 12.789 GC heap after
{Heap after GC invocations=44 (full 0):
 garbage-first heap   total 142336K, used 68738K [0x0000000080000000, 0x0000000100000000)
  region size 1024K, 5 young (5120K), 5 survivors (5120K)
 Metaspace       used 73960K, committed 74560K, reserved 1114112K
  class space    used 9820K, committed 10048K, reserved 1048576K
}
Event: 12.790 GC heap before
{Heap before GC invocations=44 (full 0):
 garbage-first heap   total 142336K, used 69762K [0x0000000080000000, 0x0000000100000000)
  region size 1024K, 6 young (6144K), 5 survivors (5120K)
 Metaspace       used 73960K, committed 74560K, reserved 1114112K
  class space    used 9820K, committed 10048K, reserved 1048576K
}

