# JRE version: OpenJDK Runtime Environment (17.0.6) (build 17.0.6+0-b2043.56-9586694)
# Java VM: OpenJDK 64-Bit Server VM (17.0.6+0-b2043.56-9586694, mixed mode, tiered, compressed oops, compressed class ptrs, g1 gc, windows-amd64)
GC Precious Log:
 CPUs: 4 total, 4 available
 Memory: 3879M
 Large Page Support: Disabled
 NUMA Support: Disabled
 Compressed Oops: Enabled (32-bit)
 Heap Region Size: 1M
 Heap Min Capacity: 8M
 Heap Initial Capacity: 62M
 Heap Max Capacity: 2G
 Pre-touch: Disabled
 Parallel Workers: 4
 Concurrent Workers: 1
 Concurrent Refinement Workers: 4
 Periodic GC: Disabled
Heap:
 garbage-first heap   total 283648K, used 183562K [0x0000000080000000, 0x0000000100000000)
  region size 1024K, 6 young (6144K), 1 survivors (1024K)
 Metaspace       used 90434K, committed 91264K, reserved 1130496K
  class space    used 12388K, committed 12800K, reserved 1048576K
GC Heap History (20 events):
Event: 12.888 GC heap before
{Heap before GC invocations=28 (full 0):
 garbage-first heap   total 92160K, used 71430K [0x0000000080000000, 0x0000000100000000)
  region size 1024K, 15 young (15360K), 1 survivors (1024K)
 Metaspace       used 61062K, committed 61632K, reserved 1105920K
  class space    used 8139K, committed 8384K, reserved 1048576K
}
Event: 12.890 GC heap after
{Heap after GC invocations=29 (full 0):
 garbage-first heap   total 92160K, used 57606K [0x0000000080000000, 0x0000000100000000)
  region size 1024K, 1 young (1024K), 1 survivors (1024K)
 Metaspace       used 61062K, committed 61632K, reserved 1105920K
  class space    used 8139K, committed 8384K, reserved 1048576K
}
Event: 13.332 GC heap before
{Heap before GC invocations=30 (full 0):
 garbage-first heap   total 102400K, used 70918K [0x0000000080000000, 0x0000000100000000)
  region size 1024K, 15 young (15360K), 1 survivors (1024K)
 Metaspace       used 63317K, committed 63808K, reserved 1105920K
  class space    used 8407K, committed 8640K, reserved 1048576K
}
Event: 13.335 GC heap after
{Heap after GC invocations=31 (full 0):
 garbage-first heap   total 102400K, used 58090K [0x0000000080000000, 0x0000000100000000)
  region size 1024K, 2 young (2048K), 2 survivors (2048K)
 Metaspace       used 63317K, committed 63808K, reserved 1105920K
  class space    used 8407K, committed 8640K, reserved 1048576K
}
Event: 13.396 GC heap before
{Heap before GC invocations=31 (full 0):
 garbage-first heap   total 102400K, used 61162K [0x0000000080000000, 0x0000000100000000)
  region size 1024K, 5 young (5120K), 2 survivors (2048K)
 Metaspace       used 63906K, committed 64384K, reserved 1105920K
  class space    used 8482K, committed 8704K, reserved 1048576K
}
Event: 13.400 GC heap after
{Heap after GC invocations=32 (full 0):
 garbage-first heap   total 102400K, used 57889K [0x0000000080000000, 0x0000000100000000)
  region size 1024K, 1 young (1024K), 1 survivors (1024K)
 Metaspace       used 63906K, committed 64384K, reserved 1105920K
  class space    used 8482K, committed 8704K, reserved 1048576K
}
Event: 14.181 GC heap before
{Heap before GC invocations=32 (full 0):
 garbage-first heap   total 102400K, used 80417K [0x0000000080000000, 0x0000000100000000)
  region size 1024K, 24 young (24576K), 1 survivors (1024K)
 Metaspace       used 68381K, committed 68992K, reserved 1114112K
  class space    used 9096K, committed 9344K, reserved 1048576K
}
Event: 14.189 GC heap after
{Heap after GC invocations=33 (full 0):
 garbage-first heap   total 214016K, used 60213K [0x0000000080000000, 0x0000000100000000)
  region size 1024K, 3 young (3072K), 3 survivors (3072K)
 Metaspace       used 68381K, committed 68992K, reserved 1114112K
  class space    used 9096K, committed 9344K, reserved 1048576K
}
Event: 16.584 GC heap before
{Heap before GC invocations=33 (full 0):
 garbage-first heap   total 214016K, used 166709K [0x0000000080000000, 0x0000000100000000)
  region size 1024K, 101 young (103424K), 3 survivors (3072K)
 Metaspace       used 74186K, committed 74752K, reserved 1114112K
  class space    used 9831K, committed 10048K, reserved 1048576K
}
Event: 16.599 GC heap after
{Heap after GC invocations=34 (full 0):
 garbage-first heap   total 214016K, used 67967K [0x0000000080000000, 0x0000000100000000)
  region size 1024K, 11 young (11264K), 11 survivors (11264K)
 Metaspace       used 74186K, committed 74752K, reserved 1114112K
  class space    used 9831K, committed 10048K, reserved 1048576K
}
Event: 32.038 GC heap before
{Heap before GC invocations=34 (full 0):
 garbage-first heap   total 214016K, used 162175K [0x0000000080000000, 0x0000000100000000)
  region size 1024K, 103 young (105472K), 11 survivors (11264K)
 Metaspace       used 84160K, committed 84864K, reserved 1122304K
  class space    used 11544K, committed 11840K, reserved 1048576K
}
Event: 32.301 GC heap after
{Heap after GC invocations=35 (full 0):
 garbage-first heap   total 214016K, used 74388K [0x0000000080000000, 0x0000000100000000)
  region size 1024K, 7 young (7168K), 7 survivors (7168K)
 Metaspace       used 84160K, committed 84864K, reserved 1122304K
  class space    used 11544K, committed 11840K, reserved 1048576K
}
Event: 38.248 GC heap before
{Heap before GC invocations=35 (full 0):
 garbage-first heap   total 214016K, used 120468K [0x0000000080000000, 0x0000000100000000)
  region size 1024K, 25 young (25600K), 7 survivors (7168K)
 Metaspace       used 84997K, committed 85760K, reserved 1122304K
  class space    used 11700K, committed 12032K, reserved 1048576K
}
Event: 38.291 GC heap after
{Heap after GC invocations=36 (full 0):
 garbage-first heap   total 214016K, used 109744K [0x0000000080000000, 0x0000000100000000)
  region size 1024K, 12 young (12288K), 12 survivors (12288K)
 Metaspace       used 84997K, committed 85760K, reserved 1122304K
  class space    used 11700K, committed 12032K, reserved 1048576K
}
Event: 41.416 GC heap before
{Heap before GC invocations=36 (full 0):
 garbage-first heap   total 214016K, used 183472K [0x0000000080000000, 0x0000000100000000)
  region size 1024K, 59 young (60416K), 12 survivors (12288K)
 Metaspace       used 87731K, committed 88512K, reserved 1130496K
  class space    used 12039K, committed 12416K, reserved 1048576K
}
Event: 41.474 GC heap after
{Heap after GC invocations=37 (full 0):
 garbage-first heap   total 214016K, used 142829K [0x0000000080000000, 0x0000000100000000)
  region size 1024K, 7 young (7168K), 7 survivors (7168K)
 Metaspace       used 87731K, committed 88512K, reserved 1130496K
  class space    used 12039K, committed 12416K, reserved 1048576K
}
Event: 43.257 GC heap before
{Heap before GC invocations=38 (full 0):
 garbage-first heap   total 283648K, used 201197K [0x0000000080000000, 0x0000000100000000)
  region size 1024K, 36 young (36864K), 7 survivors (7168K)
 Metaspace       used 89729K, committed 90496K, reserved 1130496K
  class space    used 12314K, committed 12672K, reserved 1048576K
}
Event: 43.277 GC heap after
{Heap after GC invocations=39 (full 0):
 garbage-first heap   total 283648K, used 178753K [0x0000000080000000, 0x0000000100000000)
  region size 1024K, 5 young (5120K), 5 survivors (5120K)
 Metaspace       used 89729K, committed 90496K, reserved 1130496K
  class space    used 12314K, committed 12672K, reserved 1048576K
}
Event: 43.420 GC heap before
{Heap before GC invocations=39 (full 0):
 garbage-first heap   total 283648K, used 186945K [0x0000000080000000, 0x0000000100000000)
  region size 1024K, 13 young (13312K), 5 survivors (5120K)
 Metaspace       used 89970K, committed 90752K, reserved 1130496K
  class space    used 12349K, committed 12736K, reserved 1048576K
}
Event: 43.440 GC heap after
{Heap after GC invocations=40 (full 0):
 garbage-first heap   total 283648K, used 179466K [0x0000000080000000, 0x0000000100000000)
  region size 1024K, 1 young (1024K), 1 survivors (1024K)
 Metaspace       used 89970K, committed 90752K, reserved 1130496K
  class space    used 12349K, committed 12736K, reserved 1048576K
}

