# JRE version: OpenJDK Runtime Environment (17.0.6) (build 17.0.6+0-b2043.56-9586694)
# Java VM: OpenJDK 64-Bit Server VM (17.0.6+0-b2043.56-9586694, mixed mode, tiered, compressed oops, compressed class ptrs, g1 gc, windows-amd64)
GC Precious Log:
 CPUs: 4 total, 4 available
 Memory: 3879M
 Large Page Support: Disabled
 NUMA Support: Disabled
 Compressed Oops: Enabled (32-bit)
 Heap Region Size: 1M
 Heap Min Capacity: 8M
 Heap Initial Capacity: 62M
 Heap Max Capacity: 2G
 Pre-touch: Disabled
 Parallel Workers: 4
 Concurrent Workers: 1
 Concurrent Refinement Workers: 4
 Periodic GC: Disabled
Heap:
 garbage-first heap   total 289792K, used 241139K [0x0000000080000000, 0x0000000100000000)
  region size 1024K, 81 young (82944K), 1 survivors (1024K)
 Metaspace       used 87117K, committed 87808K, reserved 1130496K
  class space    used 11908K, committed 12224K, reserved 1048576K
GC Heap History (20 events):
Event: 15.118 GC heap before
{Heap before GC invocations=42 (full 0):
 garbage-first heap   total 193536K, used 118402K [0x0000000080000000, 0x0000000100000000)
  region size 1024K, 9 young (9216K), 4 survivors (4096K)
 Metaspace       used 60127K, committed 60736K, reserved 1105920K
  class space    used 8064K, committed 8320K, reserved 1048576K
}
Event: 15.124 GC heap after
{Heap after GC invocations=43 (full 0):
 garbage-first heap   total 193536K, used 115617K [0x0000000080000000, 0x0000000100000000)
  region size 1024K, 2 young (2048K), 2 survivors (2048K)
 Metaspace       used 60127K, committed 60736K, reserved 1105920K
  class space    used 8064K, committed 8320K, reserved 1048576K
}
Event: 15.131 GC heap before
{Heap before GC invocations=43 (full 0):
 garbage-first heap   total 193536K, used 116641K [0x0000000080000000, 0x0000000100000000)
  region size 1024K, 4 young (4096K), 2 survivors (2048K)
 Metaspace       used 60127K, committed 60736K, reserved 1105920K
  class space    used 8064K, committed 8320K, reserved 1048576K
}
Event: 15.133 GC heap after
{Heap after GC invocations=44 (full 0):
 garbage-first heap   total 193536K, used 116865K [0x0000000080000000, 0x0000000100000000)
  region size 1024K, 4 young (4096K), 4 survivors (4096K)
 Metaspace       used 60127K, committed 60736K, reserved 1105920K
  class space    used 8064K, committed 8320K, reserved 1048576K
}
Event: 15.724 GC heap before
{Heap before GC invocations=45 (full 0):
 garbage-first heap   total 201728K, used 140417K [0x0000000080000000, 0x0000000100000000)
  region size 1024K, 27 young (27648K), 4 survivors (4096K)
 Metaspace       used 62906K, committed 63488K, reserved 1105920K
  class space    used 8449K, committed 8704K, reserved 1048576K
}
Event: 15.727 GC heap after
{Heap after GC invocations=46 (full 0):
 garbage-first heap   total 201728K, used 118635K [0x0000000080000000, 0x0000000100000000)
  region size 1024K, 3 young (3072K), 3 survivors (3072K)
 Metaspace       used 62906K, committed 63488K, reserved 1105920K
  class space    used 8449K, committed 8704K, reserved 1048576K
}
Event: 15.824 GC heap before
{Heap before GC invocations=46 (full 0):
 garbage-first heap   total 201728K, used 124779K [0x0000000080000000, 0x0000000100000000)
  region size 1024K, 9 young (9216K), 3 survivors (3072K)
 Metaspace       used 63901K, committed 64512K, reserved 1105920K
  class space    used 8554K, committed 8832K, reserved 1048576K
}
Event: 15.829 GC heap after
{Heap after GC invocations=47 (full 0):
 garbage-first heap   total 201728K, used 118596K [0x0000000080000000, 0x0000000100000000)
  region size 1024K, 1 young (1024K), 1 survivors (1024K)
 Metaspace       used 63901K, committed 64512K, reserved 1105920K
  class space    used 8554K, committed 8832K, reserved 1048576K
}
Event: 16.360 GC heap before
{Heap before GC invocations=47 (full 0):
 garbage-first heap   total 201728K, used 146244K [0x0000000080000000, 0x0000000100000000)
  region size 1024K, 28 young (28672K), 1 survivors (1024K)
 Metaspace       used 68532K, committed 69120K, reserved 1114112K
  class space    used 9195K, committed 9472K, reserved 1048576K
}
Event: 16.363 GC heap after
{Heap after GC invocations=48 (full 0):
 garbage-first heap   total 201728K, used 119848K [0x0000000080000000, 0x0000000100000000)
  region size 1024K, 2 young (2048K), 2 survivors (2048K)
 Metaspace       used 68532K, committed 69120K, reserved 1114112K
  class space    used 9195K, committed 9472K, reserved 1048576K
}
Event: 16.725 GC heap before
{Heap before GC invocations=49 (full 0):
 garbage-first heap   total 206848K, used 155688K [0x0000000080000000, 0x0000000100000000)
  region size 1024K, 31 young (31744K), 2 survivors (2048K)
 Metaspace       used 71568K, committed 72192K, reserved 1114112K
  class space    used 9565K, committed 9856K, reserved 1048576K
}
Event: 16.731 GC heap after
{Heap after GC invocations=50 (full 0):
 garbage-first heap   total 206848K, used 123358K [0x0000000080000000, 0x0000000100000000)
  region size 1024K, 4 young (4096K), 4 survivors (4096K)
 Metaspace       used 71568K, committed 72192K, reserved 1114112K
  class space    used 9565K, committed 9856K, reserved 1048576K
}
Event: 16.804 GC heap before
{Heap before GC invocations=50 (full 0):
 garbage-first heap   total 206848K, used 129502K [0x0000000080000000, 0x0000000100000000)
  region size 1024K, 10 young (10240K), 4 survivors (4096K)
 Metaspace       used 72101K, committed 72704K, reserved 1114112K
  class space    used 9639K, committed 9920K, reserved 1048576K
}
Event: 16.810 GC heap after
{Heap after GC invocations=51 (full 0):
 garbage-first heap   total 206848K, used 123850K [0x0000000080000000, 0x0000000100000000)
  region size 1024K, 1 young (1024K), 1 survivors (1024K)
 Metaspace       used 72101K, committed 72704K, reserved 1114112K
  class space    used 9639K, committed 9920K, reserved 1048576K
}
Event: 17.363 GC heap before
{Heap before GC invocations=51 (full 0):
 garbage-first heap   total 206848K, used 157642K [0x0000000080000000, 0x0000000100000000)
  region size 1024K, 33 young (33792K), 1 survivors (1024K)
 Metaspace       used 75000K, committed 75712K, reserved 1114112K
  class space    used 10004K, committed 10304K, reserved 1048576K
}
Event: 17.370 GC heap after
{Heap after GC invocations=52 (full 0):
 garbage-first heap   total 289792K, used 125498K [0x0000000080000000, 0x0000000100000000)
  region size 1024K, 3 young (3072K), 3 survivors (3072K)
 Metaspace       used 75000K, committed 75712K, reserved 1114112K
  class space    used 10004K, committed 10304K, reserved 1048576K
}
Event: 19.700 GC heap before
{Heap before GC invocations=53 (full 0):
 garbage-first heap   total 289792K, used 202298K [0x0000000080000000, 0x0000000100000000)
  region size 1024K, 78 young (79872K), 3 survivors (3072K)
 Metaspace       used 79368K, committed 80000K, reserved 1122304K
  class space    used 10789K, committed 11072K, reserved 1048576K
}
Event: 19.714 GC heap after
{Heap after GC invocations=54 (full 0):
 garbage-first heap   total 289792K, used 130614K [0x0000000080000000, 0x0000000100000000)
  region size 1024K, 8 young (8192K), 8 survivors (8192K)
 Metaspace       used 79368K, committed 80000K, reserved 1122304K
  class space    used 10789K, committed 11072K, reserved 1048576K
}
Event: 19.838 GC heap before
{Heap before GC invocations=54 (full 0):
 garbage-first heap   total 289792K, used 136758K [0x0000000080000000, 0x0000000100000000)
  region size 1024K, 14 young (14336K), 8 survivors (8192K)
 Metaspace       used 80211K, committed 80896K, reserved 1122304K
  class space    used 10926K, committed 11200K, reserved 1048576K
}
Event: 19.864 GC heap after
{Heap after GC invocations=55 (full 0):
 garbage-first heap   total 289792K, used 131571K [0x0000000080000000, 0x0000000100000000)
  region size 1024K, 1 young (1024K), 1 survivors (1024K)
 Metaspace       used 80211K, committed 80896K, reserved 1122304K
  class space    used 10926K, committed 11200K, reserved 1048576K
}

